app/build/outputs/logs/manifest-merger-debug-report.txt
-- Merging decision tree log ---
manifest
ADDED from AndroidManifest.xml:1:1
	xmlns:android
		ADDED from AndroidManifest.xml:1:11
	package
		ADDED from AndroidManifest.xml:2:5
		INJECTED from AndroidManifest.xml:0:0
		INJECTED from AndroidManifest.xml:0:0
	android:versionName
		ADDED from AndroidManifest.xml:4:5
	android:versionCode
		ADDED from AndroidManifest.xml:3:5
		INJECTED from AndroidManifest.xml:0:0
		INJECTED from AndroidManifest.xml:0:0
uses-permission#android.permission.INTERNET
ADDED from AndroidManifest.xml:6:5
MERGED from com.braintreepayments.api:braintree:1.6.5:13:5
	android:name
		ADDED from AndroidManifest.xml:6:22
uses-permission#android.permission.ACCESS_NETWORK_STATE
ADDED from AndroidManifest.xml:7:5
MERGED from com.braintreepayments.api:braintree:1.6.5:12:5
	android:name
		ADDED from AndroidManifest.xml:7:22
uses-permission#android.permission.BLUETOOTH
ADDED from AndroidManifest.xml:8:5
MERGED from org.altbeacon:android-beacon-library:2.5.1:11:5
	android:name
		ADDED from AndroidManifest.xml:8:22
uses-permission#android.permission.BLUETOOTH_ADMIN
ADDED from AndroidManifest.xml:9:5
MERGED from org.altbeacon:android-beacon-library:2.5.1:12:5
	android:name
		ADDED from AndroidManifest.xml:9:22
uses-permission#android.permission.CAMERA
ADDED from AndroidManifest.xml:10:5
MERGED from io.card:android-sdk:5.0.1:11:5
	android:name
		ADDED from AndroidManifest.xml:10:22
uses-permission#android.permission.VIBRATE
ADDED from AndroidManifest.xml:11:5
MERGED from io.card:android-sdk:5.0.1:12:5
	android:name
		ADDED from AndroidManifest.xml:11:22
uses-permission#android.permission.ACCESS_FINE_LOCATION
ADDED from AndroidManifest.xml:12:5
	android:name
		ADDED from AndroidManifest.xml:12:22
uses-feature#android.hardware.camera
ADDED from AndroidManifest.xml:14:5
MERGED from io.card:android-sdk:5.0.1:14:5
	android:required
		ADDED from AndroidManifest.xml:16:9
	android:name
		ADDED from AndroidManifest.xml:15:9
uses-feature#android.hardware.camera.autofocus
ADDED from AndroidManifest.xml:17:5
MERGED from io.card:android-sdk:5.0.1:17:5
	android:required
		ADDED from AndroidManifest.xml:19:9
	android:name
		ADDED from AndroidManifest.xml:18:9
uses-sdk
ADDED from AndroidManifest.xml:21:5
MERGED from com.android.support:support-v4:22.2.1:20:5
MERGED from org.altbeacon:android-beacon-library:2.5.1:7:5
MERGED from com.braintreepayments.api:braintree:1.6.5:8:5
MERGED from com.braintreepayments:card-form:2.0.1:8:5
MERGED from io.card:android-sdk:5.0.1:7:5
	android:targetSdkVersion
		ADDED from AndroidManifest.xml:23:9
		INJECTED from AndroidManifest.xml:0:0
		INJECTED from AndroidManifest.xml:0:0
	android:minSdkVersion
		ADDED from AndroidManifest.xml:22:9
		INJECTED from AndroidManifest.xml:0:0
		INJECTED from AndroidManifest.xml:0:0
application
ADDED from AndroidManifest.xml:25:5
MERGED from com.android.support:support-v4:22.2.1:22:5
MERGED from org.altbeacon:android-beacon-library:2.5.1:15:5
MERGED from com.braintreepayments.api:braintree:1.6.5:15:5
MERGED from io.card:android-sdk:5.0.1:21:5
	android:supportsRtl
		ADDED from com.braintreepayments.api:braintree:1.6.5:16:9
	android:label
		ADDED from AndroidManifest.xml:29:9
	android:allowBackup
		ADDED from AndroidManifest.xml:27:9
	android:icon
		ADDED from AndroidManifest.xml:28:9
	android:theme
		ADDED from AndroidManifest.xml:31:9
	android:largeHeap
		ADDED from AndroidManifest.xml:30:9
	android:name
		ADDED from AndroidManifest.xml:26:9
	tools:ignore
		ADDED from com.braintreepayments.api:braintree:1.6.5:17:9
activity#com.usemenu.MenuAndroidApplication.activities.SplashActivity
ADDED from AndroidManifest.xml:32:9
	android:screenOrientation
		ADDED from AndroidManifest.xml:34:13
	android:name
		ADDED from AndroidManifest.xml:33:13
intent-filter#android.intent.action.MAIN+android.intent.category.LAUNCHER
ADDED from AndroidManifest.xml:35:13
action#android.intent.action.MAIN
ADDED from AndroidManifest.xml:36:17
	android:name
		ADDED from AndroidManifest.xml:36:25
category#android.intent.category.LAUNCHER
ADDED from AndroidManifest.xml:38:17
	android:name
		ADDED from AndroidManifest.xml:38:27
activity#com.usemenu.MenuAndroidApplication.activities.RestaurantPreviewActivity
ADDED from AndroidManifest.xml:41:9
	android:screenOrientation
		ADDED from AndroidManifest.xml:43:13
	android:name
		ADDED from AndroidManifest.xml:42:13
activity#com.usemenu.MenuAndroidApplication.activities.TutorialFirstActivity
ADDED from AndroidManifest.xml:44:9
	android:screenOrientation
		ADDED from AndroidManifest.xml:46:13
	android:name
		ADDED from AndroidManifest.xml:45:13
activity#com.usemenu.MenuAndroidApplication.activities.TutorialSecondActivity
ADDED from AndroidManifest.xml:47:9
	android:screenOrientation
		ADDED from AndroidManifest.xml:49:13
	android:name
		ADDED from AndroidManifest.xml:48:13
activity#com.usemenu.MenuAndroidApplication.activities.OrderMealsActivity
ADDED from AndroidManifest.xml:50:9
	android:screenOrientation
		ADDED from AndroidManifest.xml:52:13
	android:name
		ADDED from AndroidManifest.xml:51:13
activity#com.usemenu.MenuAndroidApplication.activities.CategoryMealsActivity
ADDED from AndroidManifest.xml:53:9
	android:screenOrientation
		ADDED from AndroidManifest.xml:55:13
	android:name
		ADDED from AndroidManifest.xml:54:13
activity#com.usemenu.MenuAndroidApplication.activities.MainMenuActivity
ADDED from AndroidManifest.xml:56:9
	android:screenOrientation
		ADDED from AndroidManifest.xml:58:13
	android:name
		ADDED from AndroidManifest.xml:57:13
activity#com.usemenu.MenuAndroidApplication.activities.CheckoutActivity
ADDED from AndroidManifest.xml:59:9
	android:screenOrientation
		ADDED from AndroidManifest.xml:61:13
	android:name
		ADDED from AndroidManifest.xml:60:13
activity#com.usemenu.MenuAndroidApplication.activities.SignInActivity
ADDED from AndroidManifest.xml:62:9
	android:screenOrientation
		ADDED from AndroidManifest.xml:64:13
	android:name
		ADDED from AndroidManifest.xml:63:13
activity#com.usemenu.MenuAndroidApplication.activities.SignUpActivity
ADDED from AndroidManifest.xml:65:9
	android:windowSoftInputMode
		ADDED from AndroidManifest.xml:68:13
	android:screenOrientation
		ADDED from AndroidManifest.xml:67:13
	android:name
		ADDED from AndroidManifest.xml:66:13
activity#com.usemenu.MenuAndroidApplication.activities.MealDetailsActivity
ADDED from AndroidManifest.xml:69:9
	android:screenOrientation
		ADDED from AndroidManifest.xml:71:13
	android:name
		ADDED from AndroidManifest.xml:70:13
activity#com.usemenu.MenuAndroidApplication.activities.ReceiptListActivity
ADDED from AndroidManifest.xml:72:9
	android:screenOrientation
		ADDED from AndroidManifest.xml:74:13
	android:name
		ADDED from AndroidManifest.xml:73:13
activity#com.usemenu.MenuAndroidApplication.activities.ReceiptDetailsActivity
ADDED from AndroidManifest.xml:75:9
	android:screenOrientation
		ADDED from AndroidManifest.xml:77:13
	android:name
		ADDED from AndroidManifest.xml:76:13
activity#com.usemenu.MenuAndroidApplication.activities.SplashWarningActivity
ADDED from AndroidManifest.xml:78:9
	android:screenOrientation
		ADDED from AndroidManifest.xml:80:13
	android:name
		ADDED from AndroidManifest.xml:79:13
activity#com.usemenu.MenuAndroidApplication.activities.ManageAccountActivity
ADDED from AndroidManifest.xml:81:9
	android:windowSoftInputMode
		ADDED from AndroidManifest.xml:84:13
	android:screenOrientation
		ADDED from AndroidManifest.xml:83:13
	android:name
		ADDED from AndroidManifest.xml:82:13
activity#com.usemenu.MenuAndroidApplication.activities.AboutTheAppActivity
ADDED from AndroidManifest.xml:85:9
	android:screenOrientation
		ADDED from AndroidManifest.xml:87:13
	android:name
		ADDED from AndroidManifest.xml:86:13
activity#com.usemenu.MenuAndroidApplication.activities.PickupInfoActivity
ADDED from AndroidManifest.xml:88:9
	android:screenOrientation
		ADDED from AndroidManifest.xml:90:13
	android:name
		ADDED from AndroidManifest.xml:89:13
activity#com.usemenu.MenuAndroidApplication.activities.TokenizationExplainedActivity
ADDED from AndroidManifest.xml:91:9
	android:screenOrientation
		ADDED from AndroidManifest.xml:93:13
	android:name
		ADDED from AndroidManifest.xml:92:13
activity#com.usemenu.MenuAndroidApplication.activities.TutorialActivity
ADDED from AndroidManifest.xml:94:9
	android:screenOrientation
		ADDED from AndroidManifest.xml:96:13
	android:name
		ADDED from AndroidManifest.xml:95:13
activity#com.usemenu.MenuAndroidApplication.activities.CategoryMealsActivityNew
ADDED from AndroidManifest.xml:97:9
	android:screenOrientation
		ADDED from AndroidManifest.xml:99:13
	android:name
		ADDED from AndroidManifest.xml:98:13
activity#com.usemenu.MenuAndroidApplication.activities.MealSubCategoriesActivity
ADDED from AndroidManifest.xml:100:9
	android:screenOrientation
		ADDED from AndroidManifest.xml:102:13
	android:name
		ADDED from AndroidManifest.xml:101:13
activity#io.card.payment.CardIOActivity
ADDED from AndroidManifest.xml:105:9
MERGED from io.card:android-sdk:5.0.1:22:9
	android:configChanges
		ADDED from AndroidManifest.xml:107:13
	android:name
		ADDED from AndroidManifest.xml:106:13
activity#io.card.payment.DataEntryActivity
ADDED from AndroidManifest.xml:108:9
MERGED from io.card:android-sdk:5.0.1:25:9
	android:screenOrientation
		ADDED from AndroidManifest.xml:110:13
	android:name
		ADDED from AndroidManifest.xml:109:13
service#com.usemenu.MenuAndroidApplication.MenuService
ADDED from AndroidManifest.xml:112:9
	android:name
		ADDED from AndroidManifest.xml:112:18
uses-permission#android.permission.RECEIVE_BOOT_COMPLETED
ADDED from org.altbeacon:android-beacon-library:2.5.1:13:5
	android:name
		ADDED from org.altbeacon:android-beacon-library:2.5.1:13:22
receiver#org.altbeacon.beacon.startup.StartupBroadcastReceiver
ADDED from org.altbeacon:android-beacon-library:2.5.1:16:9
	android:name
		ADDED from org.altbeacon:android-beacon-library:2.5.1:16:19
intent-filter#android.intent.action.ACTION_POWER_CONNECTED+android.intent.action.ACTION_POWER_DISCONNECTED+android.intent.action.BOOT_COMPLETED
ADDED from org.altbeacon:android-beacon-library:2.5.1:17:13
action#android.intent.action.BOOT_COMPLETED
ADDED from org.altbeacon:android-beacon-library:2.5.1:18:17
	android:name
		ADDED from org.altbeacon:android-beacon-library:2.5.1:18:25
action#android.intent.action.ACTION_POWER_CONNECTED
ADDED from org.altbeacon:android-beacon-library:2.5.1:19:17
	android:name
		ADDED from org.altbeacon:android-beacon-library:2.5.1:19:25
action#android.intent.action.ACTION_POWER_DISCONNECTED
ADDED from org.altbeacon:android-beacon-library:2.5.1:20:17
	android:name
		ADDED from org.altbeacon:android-beacon-library:2.5.1:20:25
service#org.altbeacon.beacon.service.BeaconService
ADDED from org.altbeacon:android-beacon-library:2.5.1:24:9
	android:label
		ADDED from org.altbeacon:android-beacon-library:2.5.1:29:13
	android:isolatedProcess
		ADDED from org.altbeacon:android-beacon-library:2.5.1:28:13
	android:exported
		ADDED from org.altbeacon:android-beacon-library:2.5.1:27:13
	android:enabled
		ADDED from org.altbeacon:android-beacon-library:2.5.1:26:13
	android:name
		ADDED from org.altbeacon:android-beacon-library:2.5.1:25:13
service#org.altbeacon.beacon.BeaconIntentProcessor
ADDED from org.altbeacon:android-beacon-library:2.5.1:30:9
	android:exported
		ADDED from org.altbeacon:android-beacon-library:2.5.1:33:13
	android:enabled
		ADDED from org.altbeacon:android-beacon-library:2.5.1:32:13
	android:name
		ADDED from org.altbeacon:android-beacon-library:2.5.1:31:13
activity#com.braintreepayments.api.dropin.BraintreePaymentActivity
ADDED from com.braintreepayments.api:braintree:1.6.5:18:9
	android:name
		ADDED from com.braintreepayments.api:braintree:1.6.5:18:19
activity#com.braintreepayments.api.threedsecure.ThreeDSecureWebViewActivity
ADDED from com.braintreepayments.api:braintree:1.6.5:19:9
	android:name
		ADDED from com.braintreepayments.api:braintree:1.6.5:19:19
activity#com.paypal.android.sdk.payments.PayPalProfileSharingActivity
ADDED from com.braintreepayments.api:braintree:1.6.5:20:9
	android:name
		ADDED from com.braintreepayments.api:braintree:1.6.5:20:19
activity#com.paypal.android.sdk.payments.ProfileSharingConsentActivity
ADDED from com.braintreepayments.api:braintree:1.6.5:21:9
	android:name
		ADDED from com.braintreepayments.api:braintree:1.6.5:21:19
activity#com.paypal.android.sdk.payments.FuturePaymentInfoActivity
ADDED from com.braintreepayments.api:braintree:1.6.5:22:9
	android:name
		ADDED from com.braintreepayments.api:braintree:1.6.5:22:19
activity#com.paypal.android.sdk.payments.LoginActivity
ADDED from com.braintreepayments.api:braintree:1.6.5:23:9
	android:name
		ADDED from com.braintreepayments.api:braintree:1.6.5:23:19
activity#com.paypal.android.sdk.payments.PayPalTouchActivity
ADDED from com.braintreepayments.api:braintree:1.6.5:24:9
	android:theme
		ADDED from com.braintreepayments.api:braintree:1.6.5:26:13
	android:name
		ADDED from com.braintreepayments.api:braintree:1.6.5:25:13
service#com.paypal.android.sdk.payments.PayPalService
ADDED from com.braintreepayments.api:braintree:1.6.5:28:9
	android:exported
		ADDED from com.braintreepayments.api:braintree:1.6.5:30:13
	android:name
		ADDED from com.braintreepayments.api:braintree:1.6.5:29:13